2026-02-10 15:08:59,149 - INFO - Sample Data
:       Target                                              Mails
1044       0  We know someone who you know that fancies you....
1463       1  Ok good then i later come find Ì_... C lucky i...
398        1  Good evening Sir, Al Salam Wahleykkum.sharing ...
4359       1  Night sweet, sleep well! I've just been to see...
3200       1                       Nice.nice.how is it working?
3556       1        I had it already..sabarish asked me to go..
3550       1                            I love you both too :-)
2026-02-10 15:08:59,151 - INFO - Checking Null values 
: Target    0
Mails     0
dtype: int64
2026-02-10 15:08:59,166 - INFO - Info about tha Data 
:             Target
count  5572.000000
mean      0.865937
std       0.340751
min       0.000000
25%       1.000000
50%       1.000000
75%       1.000000
max       1.000000
2026-02-10 15:09:16,622 - INFO - Original data:    Target                                              Mails
0       1  Go until jurong point, crazy.. Available only ...
1       1                      Ok lar... Joking wif u oni...
2       0  Free entry in 2 a wkly comp to win FA Cup fina...
3       1  U dun say so early hor... U c already then say...
4       1  Nah I don't think he goes to usf, he lives aro...
5       0  FreeMsg Hey there darling it's been 3 week's n...
6       1  Even my brother is not like to speak with me. ...
7       1  As per your request 'Melle Melle (Oru Minnamin...
8       0  WINNER!! As a valued network customer you have...
9       0  Had your mobile 11 months or more? U R entitle...
2026-02-10 15:09:16,629 - INFO - Cleaned data
:    Target                                              Mails                                      Cleaned_Mails
0       1  Go until jurong point, crazy.. Available only ...  go jurong point crazy available bugis n great ...
1       1                      Ok lar... Joking wif u oni...                            ok lar joking wif u oni
2       0  Free entry in 2 a wkly comp to win FA Cup fina...  free entry 2 wkly comp win fa cup final tkts 2...
3       1  U dun say so early hor... U c already then say...                u dun say early hor u c already say
4       1  Nah I don't think he goes to usf, he lives aro...           nah dont think go usf life around though
2026-02-10 15:09:16,638 - INFO - Balanced class counts:
2026-02-10 15:09:16,644 - INFO - Target
0    4825
1    4825
Name: count, dtype: int64
2026-02-10 15:09:16,644 - INFO -       Target                                              Mails                                      Cleaned_Mails
5378       0  Free entry to the gr8prizes wkly comp 4 a chan...  free entry gr8prizes wkly comp 4 chance win la...
295        0  T-Mobile customer you may now claim your FREE ...  tmobile customer may claim free camera phone u...
9          0  Had your mobile 11 months or more? U R entitle...  mobile 11 month u r entitled update latest col...
2078       0                     85233 FREE>Ringtone!Reply REAL                       85233 freeringtonereply real
662        1  Sorry me going home first... Daddy come fetch ...    sorry going home first daddy come fetch ì later
4659       1  You call him and tell now infront of them. Cal...                             call tell infront call
4665       1                           Not..tel software name..                               nottel software name
462        0  UpgrdCentre Orange customer, you may now claim...  upgrdcentre orange customer may claim free cam...
1867       1  Mmmm ... Fuck ... Not fair ! You know my weakn...  mmmm fuck fair know weakness grin push knee ex...
2419       0  SMS SERVICES For your inclusive text credits p...  sm service inclusive text credit pls gotto www...
2026-02-10 15:09:16,661 - INFO - None
